<?xml version="1.0" encoding="UTF-8"?>
<testng-results ignored="0" total="1" passed="1" failed="0" skipped="0">
  <reporter-output>
  </reporter-output>
  <suite started-at="2021-02-27T17:12:51 IST" name="Default suite" finished-at="2021-02-27T17:13:09 IST" duration-ms="17914">
    <groups>
    </groups>
    <test started-at="2021-02-27T17:12:51 IST" name="Default test" finished-at="2021-02-27T17:13:09 IST" duration-ms="17914">
      <class name="modulename.HomePage">
        <test-method is-config="true" signature="setUp()[pri:0, instance:modulename.HomePage@6d2a209c]" started-at="2021-02-27T17:12:52 IST" name="setUp" finished-at="2021-02-27T17:12:52 IST" duration-ms="547" status="PASS">
          <reporter-output>
          </reporter-output>
        </test-method> <!-- setUp -->
        <test-method signature="loginwithInvalidcredentials_20001(java.lang.reflect.Method)[pri:0, instance:modulename.HomePage@6d2a209c]" started-at="2021-02-27T17:12:52 IST" name="loginwithInvalidcredentials_20001" finished-at="2021-02-27T17:13:08 IST" duration-ms="16220" status="PASS">
          <params>
            <param index="0">
              <value>
                <![CDATA[public void modulename.HomePage.loginwithInvalidcredentials_20001(java.lang.reflect.Method)]]>
              </value>
            </param>
          </params>
          <reporter-output>
          </reporter-output>
        </test-method> <!-- loginwithInvalidcredentials_20001 -->
        <test-method is-config="true" signature="cleanUp(org.testng.ITestResult)[pri:0, instance:modulename.HomePage@6d2a209c]" started-at="2021-02-27T17:13:08 IST" name="cleanUp" finished-at="2021-02-27T17:13:09 IST" duration-ms="1122" status="PASS">
          <params>
            <param index="0">
              <value>
                <![CDATA[[TestResult name=loginwithInvalidcredentials_20001 status=SUCCESS method=HomePage.loginwithInvalidcredentials_20001(java.lang.reflect.Method)[pri:0, instance:modulename.HomePage@6d2a209c] output={null}]]]>
              </value>
            </param>
          </params>
          <reporter-output>
          </reporter-output>
        </test-method> <!-- cleanUp -->
      </class> <!-- modulename.HomePage -->
    </test> <!-- Default test -->
  </suite> <!-- Default suite -->
</testng-results>
